<?xml version="1.0" encoding="UTF-8"?>
<!-- Generated by org.testng.reporters.JUnitXMLReporter -->
<testsuite ignored="0" hostname="5CG1265RFB" failures="0" tests="6" name="Test" time="0.053" errors="0" timestamp="2021-11-16T12:09:16 IST">
  <testcase classname="Maven.MavenProject1.SeleniumTest" name="browseAutomation" time="0.007"/>
  <testcase classname="Maven.MavenProject1.SeleniumTest" name="elementsUi" time="0.001"/>
  <testcase classname="Maven.MavenProject1.AppiumTest" name="IosApp" time="0.001"/>
  <testcase classname="Maven.MavenProject1.AppiumTest" name="NativeAndroidApp" time="0.001"/>
  <testcase classname="Maven.MavenProject1.RestApiTest" name="deleteTwitter" time="0.001"/>
  <testcase classname="Maven.MavenProject1.RestApiTest" name="postJira" time="0.001"/>
</testsuite> <!-- Test -->
