<?xml version="1.0" encoding="UTF-8"?>
<testsuite xmlns:xsi="http://www.w3.org/2001/XMLSchema-instance" xsi:noNamespaceSchemaLocation="https://maven.apache.org/surefire/maven-surefire-plugin/xsd/surefire-test-report.xsd" name="TestSuite" time="1.209" tests="6" errors="0" skipped="0" failures="0">
  <properties>
[...]
</properties>
  <testcase name="browseAutomation" classname="Maven.MavenProject1.SeleniumTest" time="0.014"/>
  <testcase name="elementsUi" classname="Maven.MavenProject1.SeleniumTest" time="0.001"/>
  <testcase name="IosApp" classname="Maven.MavenProject1.AppiumTest" time="0"/>
  <testcase name="NativeAndroidApp" classname="Maven.MavenProject1.AppiumTest" time="0.001"/>
  <testcase name="deleteTwitter" classname="Maven.MavenProject1.RestApiTest" time="0"/>
  <testcase name="postJira" classname="Maven.MavenProject1.RestApiTest" time="0"/>
</testsuite>