<?xml version="1.0" encoding="UTF-8"?>
<testng-results ignored="0" total="6" passed="6" failed="0" skipped="0">
  <reporter-output>
  </reporter-output>
  <suite started-at="2021-11-16T12:09:16 IST" name="Suite" finished-at="2021-11-16T12:09:16 IST" duration-ms="53">
    <groups>
    </groups>
    <test started-at="2021-11-16T12:09:16 IST" name="Test" finished-at="2021-11-16T12:09:16 IST" duration-ms="53">
      <class name="Maven.MavenProject1.RestApiTest">
        <test-method signature="deleteTwitter()[pri:0, instance:Maven.MavenProject1.RestApiTest@2df9b86]" started-at="2021-11-16T12:09:16 IST" name="deleteTwitter" finished-at="2021-11-16T12:09:16 IST" duration-ms="1" status="PASS">
          <reporter-output>
          </reporter-output>
        </test-method> <!-- deleteTwitter -->
        <test-method signature="postJira()[pri:0, instance:Maven.MavenProject1.RestApiTest@2df9b86]" started-at="2021-11-16T12:09:16 IST" name="postJira" finished-at="2021-11-16T12:09:16 IST" duration-ms="1" status="PASS">
          <reporter-output>
          </reporter-output>
        </test-method> <!-- postJira -->
      </class> <!-- Maven.MavenProject1.RestApiTest -->
      <class name="Maven.MavenProject1.SeleniumTest">
        <test-method signature="browseAutomation()[pri:0, instance:Maven.MavenProject1.SeleniumTest@34f5090e]" started-at="2021-11-16T12:09:16 IST" name="browseAutomation" finished-at="2021-11-16T12:09:16 IST" duration-ms="7" status="PASS">
          <reporter-output>
          </reporter-output>
        </test-method> <!-- browseAutomation -->
        <test-method signature="elementsUi()[pri:0, instance:Maven.MavenProject1.SeleniumTest@34f5090e]" started-at="2021-11-16T12:09:16 IST" name="elementsUi" finished-at="2021-11-16T12:09:16 IST" duration-ms="1" status="PASS">
          <reporter-output>
          </reporter-output>
        </test-method> <!-- elementsUi -->
      </class> <!-- Maven.MavenProject1.SeleniumTest -->
      <class name="Maven.MavenProject1.AppiumTest">
        <test-method signature="IosApp()[pri:0, instance:Maven.MavenProject1.AppiumTest@793be5ca]" started-at="2021-11-16T12:09:16 IST" name="IosApp" finished-at="2021-11-16T12:09:16 IST" duration-ms="1" status="PASS">
          <reporter-output>
          </reporter-output>
        </test-method> <!-- IosApp -->
        <test-method signature="NativeAndroidApp()[pri:0, instance:Maven.MavenProject1.AppiumTest@793be5ca]" started-at="2021-11-16T12:09:16 IST" name="NativeAndroidApp" finished-at="2021-11-16T12:09:16 IST" duration-ms="1" status="PASS">
          <reporter-output>
          </reporter-output>
        </test-method> <!-- NativeAndroidApp -->
      </class> <!-- Maven.MavenProject1.AppiumTest -->
    </test> <!-- Test -->
  </suite> <!-- Suite -->
</testng-results>
